# JRE version: 7.0_09-b30
# Java VM: OpenJDK Server VM (23.2-b09 mixed mode linux-x86 )
Heap
 PSYoungGen      total 24192K, used 22689K [0xa5de0000, 0xa7740000, 0xb4530000)
  eden space 22400K, 93% used [0xa5de0000,0xa724c058,0xa73c0000)
  from space 1792K, 99% used [0xa7580000,0xa773c448,0xa7740000)
  to   space 1792K, 0% used [0xa73c0000,0xa73c0000,0xa7580000)
 ParOldGen       total 29632K, used 14924K [0x88f30000, 0x8ac20000, 0xa5de0000)
  object space 29632K, 50% used [0x88f30000,0x89dc30e0,0x8ac20000)
 PSPermGen       total 16384K, used 7599K [0x80f30000, 0x81f30000, 0x88f30000)
  object space 16384K, 46% used [0x80f30000,0x8169bee8,0x81f30000)
GC Heap History (4 events):
Event: 2.290 GC heap before
{Heap before GC invocations=1 (full 0):
 PSYoungGen      total 12992K, used 10774K [0xa5de0000, 0xa6c50000, 0xb4530000)
  eden space 11200K, 96% used [0xa5de0000,0xa6865b00,0xa68d0000)
  from space 1792K, 0% used [0xa6a90000,0xa6a90000,0xa6c50000)
  to   space 1792K, 0% used [0xa68d0000,0xa68d0000,0xa6a90000)
 ParOldGen       total 29632K, used 0K [0x88f30000, 0x8ac20000, 0xa5de0000)
  object space 29632K, 0% used [0x88f30000,0x88f30000,0x8ac20000)
 PSPermGen       total 16384K, used 7419K [0x80f30000, 0x81f30000, 0x88f30000)
  object space 16384K, 45% used [0x80f30000,0x8166ed18,0x81f30000)
Event: 2.313 GC heap after
Heap after GC invocations=1 (full 0):
 PSYoungGen      total 12992K, used 1776K [0xa5de0000, 0xa7740000, 0xb4530000)
  eden space 11200K, 0% used [0xa5de0000,0xa5de0000,0xa68d0000)
  from space 1792K, 99% used [0xa68d0000,0xa6a8c030,0xa6a90000)
  to   space 1792K, 0% used [0xa7580000,0xa7580000,0xa7740000)
 ParOldGen       total 29632K, used 3696K [0x88f30000, 0x8ac20000, 0xa5de0000)
  object space 29632K, 12% used [0x88f30000,0x892cc0a0,0x8ac20000)
 PSPermGen       total 16384K, used 7419K [0x80f30000, 0x81f30000, 0x88f30000)
  object space 16384K, 45% used [0x80f30000,0x8166ed18,0x81f30000)
}
Event: 2.358 GC heap before
{Heap before GC invocations=2 (full 0):
 PSYoungGen      total 12992K, used 12976K [0xa5de0000, 0xa7740000, 0xb4530000)
  eden space 11200K, 100% used [0xa5de0000,0xa68d0000,0xa68d0000)
  from space 1792K, 99% used [0xa68d0000,0xa6a8c030,0xa6a90000)
  to   space 1792K, 0% used [0xa7580000,0xa7580000,0xa7740000)
 ParOldGen       total 29632K, used 3696K [0x88f30000, 0x8ac20000, 0xa5de0000)
  object space 29632K, 12% used [0x88f30000,0x892cc0a0,0x8ac20000)
 PSPermGen       total 16384K, used 7425K [0x80f30000, 0x81f30000, 0x88f30000)
  object space 16384K, 45% used [0x80f30000,0x81670448,0x81f30000)
Event: 2.380 GC heap after
Heap after GC invocations=2 (full 0):
 PSYoungGen      total 24192K, used 1777K [0xa5de0000, 0xa7740000, 0xb4530000)
  eden space 22400K, 0% used [0xa5de0000,0xa5de0000,0xa73c0000)
  from space 1792K, 99% used [0xa7580000,0xa773c448,0xa7740000)
  to   space 1792K, 0% used [0xa73c0000,0xa73c0000,0xa7580000)
 ParOldGen       total 29632K, used 14924K [0x88f30000, 0x8ac20000, 0xa5de0000)
  object space 29632K, 50% used [0x88f30000,0x89dc30e0,0x8ac20000)
 PSPermGen       total 16384K, used 7425K [0x80f30000, 0x81f30000, 0x88f30000)
  object space 16384K, 45% used [0x80f30000,0x81670448,0x81f30000)
}

