# JRE version: 7.0_09-b30
# Java VM: OpenJDK Server VM (23.2-b09 mixed mode linux-x86 )
Heap
 PSYoungGen      total 21312K, used 2899K [0xa5de0000, 0xa7500000, 0xb4530000)
  eden space 19520K, 14% used [0xa5de0000,0xa60b4c38,0xa70f0000)
  from space 1792K, 0% used [0xa7340000,0xa7340000,0xa7500000)
  to   space 1792K, 0% used [0xa7180000,0xa7180000,0xa7340000)
 ParOldGen       total 64192K, used 35120K [0x88f30000, 0x8cde0000, 0xa5de0000)
  object space 64192K, 54% used [0x88f30000,0x8b17c138,0x8cde0000)
 PSPermGen       total 16896K, used 7621K [0x80f30000, 0x81fb0000, 0x88f30000)
  object space 16896K, 45% used [0x80f30000,0x816a1440,0x81fb0000)
GC Heap History (10 events):
Event: 2.428 GC heap before
{Heap before GC invocations=2 (full 0):
 PSYoungGen      total 12992K, used 12976K [0xa5de0000, 0xa6c50000, 0xb4530000)
  eden space 11200K, 100% used [0xa5de0000,0xa68d0000,0xa68d0000)
  from space 1792K, 99% used [0xa68d0000,0xa6a8c010,0xa6a90000)
  to   space 1792K, 0% used [0xa6a90000,0xa6a90000,0xa6c50000)
 ParOldGen       total 29632K, used 3696K [0x88f30000, 0x8ac20000, 0xa5de0000)
  object space 29632K, 12% used [0x88f30000,0x892cc140,0x8ac20000)
 PSPermGen       total 16384K, used 7435K [0x80f30000, 0x81f30000, 0x88f30000)
  object space 16384K, 45% used [0x80f30000,0x81672ee0,0x81f30000)
Event: 2.457 GC heap after
Heap after GC invocations=2 (full 0):
 PSYoungGen      total 12992K, used 1776K [0xa5de0000, 0xa7740000, 0xb4530000)
  eden space 11200K, 0% used [0xa5de0000,0xa5de0000,0xa68d0000)
  from space 1792K, 99% used [0xa6a90000,0xa6c4c010,0xa6c50000)
  to   space 1792K, 0% used [0xa68d0000,0xa68d0000,0xa6a90000)
 ParOldGen       total 29632K, used 15892K [0x88f30000, 0x8ac20000, 0xa5de0000)
  object space 29632K, 53% used [0x88f30000,0x89eb5180,0x8ac20000)
 PSPermGen       total 16384K, used 7435K [0x80f30000, 0x81f30000, 0x88f30000)
  object space 16384K, 45% used [0x80f30000,0x81672ee0,0x81f30000)
}
Event: 2.457 GC heap before
{Heap before GC invocations=3 (full 1):
 PSYoungGen      total 12992K, used 1776K [0xa5de0000, 0xa7740000, 0xb4530000)
  eden space 11200K, 0% used [0xa5de0000,0xa5de0000,0xa68d0000)
  from space 1792K, 99% used [0xa6a90000,0xa6c4c010,0xa6c50000)
  to   space 1792K, 0% used [0xa68d0000,0xa68d0000,0xa6a90000)
 ParOldGen       total 29632K, used 15892K [0x88f30000, 0x8ac20000, 0xa5de0000)
  object space 29632K, 53% used [0x88f30000,0x89eb5180,0x8ac20000)
 PSPermGen       total 16384K, used 7435K [0x80f30000, 0x81f30000, 0x88f30000)
  object space 16384K, 45% used [0x80f30000,0x81672ee0,0x81f30000)
Event: 2.572 GC heap after
Heap after GC invocations=3 (full 1):
 PSYoungGen      total 12992K, used 0K [0xa5de0000, 0xa7740000, 0xb4530000)
  eden space 11200K, 0% used [0xa5de0000,0xa5de0000,0xa68d0000)
  from space 1792K, 0% used [0xa6a90000,0xa6a90000,0xa6c50000)
  to   space 1792K, 0% used [0xa68d0000,0xa68d0000,0xa6a90000)
 ParOldGen       total 44352K, used 16418K [0x88f30000, 0x8ba80000, 0xa5de0000)
  object space 44352K, 37% used [0x88f30000,0x89f38bf8,0x8ba80000)
 PSPermGen       total 16384K, used 7432K [0x80f30000, 0x81f30000, 0x88f30000)
  object space 16384K, 45% used [0x80f30000,0x81672298,0x81f30000)
}
Event: 2.617 GC heap before
{Heap before GC invocations=4 (full 1):
 PSYoungGen      total 12992K, used 11200K [0xa5de0000, 0xa7740000, 0xb4530000)
  eden space 11200K, 100% used [0xa5de0000,0xa68d0000,0xa68d0000)
  from space 1792K, 0% used [0xa6a90000,0xa6a90000,0xa6c50000)
  to   space 1792K, 0% used [0xa68d0000,0xa68d0000,0xa6a90000)
 ParOldGen       total 44352K, used 16418K [0x88f30000, 0x8ba80000, 0xa5de0000)
  object space 44352K, 37% used [0x88f30000,0x89f38bf8,0x8ba80000)
 PSPermGen       total 16384K, used 7432K [0x80f30000, 0x81f30000, 0x88f30000)
  object space 16384K, 45% used [0x80f30000,0x81672298,0x81f30000)
Event: 2.650 GC heap after
Heap after GC invocations=4 (full 1):
 PSYoungGen      total 12992K, used 1792K [0xa5de0000, 0xa7500000, 0xb4530000)
  eden space 11200K, 0% used [0xa5de0000,0xa5de0000,0xa68d0000)
  from space 1792K, 100% used [0xa68d0000,0xa6a90000,0xa6a90000)
  to   space 1792K, 0% used [0xa7340000,0xa7340000,0xa7500000)
 ParOldGen       total 44352K, used 25426K [0x88f30000, 0x8ba80000, 0xa5de0000)
  object space 44352K, 57% used [0x88f30000,0x8a804bf8,0x8ba80000)
 PSPermGen       total 16384K, used 7432K [0x80f30000, 0x81f30000, 0x88f30000)
  object space 16384K, 45% used [0x80f30000,0x81672298,0x81f30000)
}
Event: 68.204 GC heap before
{Heap before GC invocations=5 (full 1):
 PSYoungGen      total 12992K, used 12992K [0xa5de0000, 0xa7500000, 0xb4530000)
  eden space 11200K, 100% used [0xa5de0000,0xa68d0000,0xa68d0000)
  from space 1792K, 100% used [0xa68d0000,0xa6a90000,0xa6a90000)
  to   space 1792K, 0% used [0xa7340000,0xa7340000,0xa7500000)
 ParOldGen       total 44352K, used 25426K [0x88f30000, 0x8ba80000, 0xa5de0000)
  object space 44352K, 57% used [0x88f30000,0x8a804bf8,0x8ba80000)
 PSPermGen       total 16384K, used 7604K [0x80f30000, 0x81f30000, 0x88f30000)
  object space 16384K, 46% used [0x80f30000,0x8169d098,0x81f30000)
Event: 68.255 GC heap after
Heap after GC invocations=5 (full 1):
 PSYoungGen      total 21312K, used 1776K [0xa5de0000, 0xa7500000, 0xb4530000)
  eden space 19520K, 0% used [0xa5de0000,0xa5de0000,0xa70f0000)
  from space 1792K, 99% used [0xa7340000,0xa74fc010,0xa7500000)
  to   space 1792K, 0% used [0xa7180000,0xa7180000,0xa7340000)
 ParOldGen       total 44352K, used 35099K [0x88f30000, 0x8ba80000, 0xa5de0000)
  object space 44352K, 79% used [0x88f30000,0x8b176d98,0x8ba80000)
 PSPermGen       total 16384K, used 7604K [0x80f30000, 0x81f30000, 0x88f30000)
  object space 16384K, 46% used [0x80f30000,0x8169d098,0x81f30000)
}
Event: 68.255 GC heap before
{Heap before GC invocations=6 (full 2):
 PSYoungGen      total 21312K, used 1776K [0xa5de0000, 0xa7500000, 0xb4530000)
  eden space 19520K, 0% used [0xa5de0000,0xa5de0000,0xa70f0000)
  from space 1792K, 99% used [0xa7340000,0xa74fc010,0xa7500000)
  to   space 1792K, 0% used [0xa7180000,0xa7180000,0xa7340000)
 ParOldGen       total 44352K, used 35099K [0x88f30000, 0x8ba80000, 0xa5de0000)
  object space 44352K, 79% used [0x88f30000,0x8b176d98,0x8ba80000)
 PSPermGen       total 16384K, used 7604K [0x80f30000, 0x81f30000, 0x88f30000)
  object space 16384K, 46% used [0x80f30000,0x8169d098,0x81f30000)
Event: 68.649 GC heap after
Heap after GC invocations=6 (full 2):
 PSYoungGen      total 21312K, used 0K [0xa5de0000, 0xa7500000, 0xb4530000)
  eden space 19520K, 0% used [0xa5de0000,0xa5de0000,0xa70f0000)
  from space 1792K, 0% used [0xa7340000,0xa7340000,0xa7500000)
  to   space 1792K, 0% used [0xa7180000,0xa7180000,0xa7340000)
 ParOldGen       total 64192K, used 35120K [0x88f30000, 0x8cde0000, 0xa5de0000)
  object space 64192K, 54% used [0x88f30000,0x8b17c138,0x8cde0000)
 PSPermGen       total 16896K, used 7604K [0x80f30000, 0x81fb0000, 0x88f30000)
  object space 16896K, 45% used [0x80f30000,0x8169d088,0x81fb0000)
}

