# JRE version: 7.0_09-b30
# Java VM: OpenJDK Server VM (23.2-b09 mixed mode linux-x86 )
Heap
 PSYoungGen      total 99264K, used 54196K [0xa5da0000, 0xb0790000, 0xb44f0000)
  eden space 75520K, 69% used [0xa5da0000,0xa90b0f30,0xaa760000)
  from space 23744K, 8% used [0xaa760000,0xaa93c2c0,0xabe90000)
  to   space 22720K, 0% used [0xaf160000,0xaf160000,0xb0790000)
 ParOldGen       total 69696K, used 34653K [0x88ef0000, 0x8d300000, 0xa5da0000)
  object space 69696K, 49% used [0x88ef0000,0x8b0c75a0,0x8d300000)
 PSPermGen       total 16384K, used 7732K [0x80ef0000, 0x81ef0000, 0x88ef0000)
  object space 16384K, 47% used [0x80ef0000,0x8167d328,0x81ef0000)
GC Heap History (10 events):
Event: 17.311 GC heap before
{Heap before GC invocations=4 (full 1):
 PSYoungGen      total 24192K, used 1778K [0xa5da0000, 0xa8ce0000, 0xb44f0000)
  eden space 22400K, 0% used [0xa5da0000,0xa5da0000,0xa7380000)
  from space 1792K, 99% used [0xa7380000,0xa753cac0,0xa7540000)
  to   space 1792K, 0% used [0xa8b20000,0xa8b20000,0xa8ce0000)
 ParOldGen       total 34112K, used 34041K [0x88ef0000, 0x8b040000, 0xa5da0000)
  object space 34112K, 99% used [0x88ef0000,0x8b02e588,0x8b040000)
 PSPermGen       total 16384K, used 7695K [0x80ef0000, 0x81ef0000, 0x88ef0000)
  object space 16384K, 46% used [0x80ef0000,0x81673de0,0x81ef0000)
Event: 17.663 GC heap after
Heap after GC invocations=4 (full 1):
 PSYoungGen      total 24192K, used 1545K [0xa5da0000, 0xa8ce0000, 0xb44f0000)
  eden space 22400K, 0% used [0xa5da0000,0xa5da0000,0xa7380000)
  from space 1792K, 86% used [0xa7380000,0xa7502480,0xa7540000)
  to   space 1792K, 0% used [0xa8b20000,0xa8b20000,0xa8ce0000)
 ParOldGen       total 69696K, used 34110K [0x88ef0000, 0x8d300000, 0xa5da0000)
  object space 69696K, 48% used [0x88ef0000,0x8b03fac8,0x8d300000)
 PSPermGen       total 16384K, used 7692K [0x80ef0000, 0x81ef0000, 0x88ef0000)
  object space 16384K, 46% used [0x80ef0000,0x81673188,0x81ef0000)
}
Event: 18.935 GC heap before
{Heap before GC invocations=5 (full 1):
 PSYoungGen      total 24192K, used 23945K [0xa5da0000, 0xa8ce0000, 0xb44f0000)
  eden space 22400K, 100% used [0xa5da0000,0xa7380000,0xa7380000)
  from space 1792K, 86% used [0xa7380000,0xa7502480,0xa7540000)
  to   space 1792K, 0% used [0xa8b20000,0xa8b20000,0xa8ce0000)
 ParOldGen       total 69696K, used 34110K [0x88ef0000, 0x8d300000, 0xa5da0000)
  object space 69696K, 48% used [0x88ef0000,0x8b03fac8,0x8d300000)
 PSPermGen       total 16384K, used 7696K [0x80ef0000, 0x81ef0000, 0x88ef0000)
  object space 16384K, 46% used [0x80ef0000,0x81674290,0x81ef0000)
Event: 18.950 GC heap after
Heap after GC invocations=5 (full 1):
 PSYoungGen      total 43136K, used 1790K [0xa5da0000, 0xa8ce0000, 0xb44f0000)
  eden space 41344K, 0% used [0xa5da0000,0xa5da0000,0xa8600000)
  from space 1792K, 99% used [0xa8b20000,0xa8cdfb00,0xa8ce0000)
  to   space 1792K, 0% used [0xa8960000,0xa8960000,0xa8b20000)
 ParOldGen       total 69696K, used 34142K [0x88ef0000, 0x8d300000, 0xa5da0000)
  object space 69696K, 48% used [0x88ef0000,0x8b047ac8,0x8d300000)
 PSPermGen       total 16384K, used 7696K [0x80ef0000, 0x81ef0000, 0x88ef0000)
  object space 16384K, 46% used [0x80ef0000,0x81674290,0x81ef0000)
}
Event: 21.472 GC heap before
{Heap before GC invocations=6 (full 1):
 PSYoungGen      total 43136K, used 43134K [0xa5da0000, 0xa8ce0000, 0xb44f0000)
  eden space 41344K, 100% used [0xa5da0000,0xa8600000,0xa8600000)
  from space 1792K, 99% used [0xa8b20000,0xa8cdfb00,0xa8ce0000)
  to   space 1792K, 0% used [0xa8960000,0xa8960000,0xa8b20000)
 ParOldGen       total 69696K, used 34142K [0x88ef0000, 0x8d300000, 0xa5da0000)
  object space 69696K, 48% used [0x88ef0000,0x8b047ac8,0x8d300000)
 PSPermGen       total 16384K, used 7706K [0x80ef0000, 0x81ef0000, 0x88ef0000)
  object space 16384K, 47% used [0x80ef0000,0x816769c0,0x81ef0000)
Event: 21.482 GC heap after
Heap after GC invocations=6 (full 1):
 PSYoungGen      total 46592K, used 1776K [0xa5da0000, 0xad6b0000, 0xb44f0000)
  eden space 44800K, 0% used [0xa5da0000,0xa5da0000,0xa8960000)
  from space 1792K, 99% used [0xa8960000,0xa8b1c2e0,0xa8b20000)
  to   space 24704K, 0% used [0xabe90000,0xabe90000,0xad6b0000)
 ParOldGen       total 69696K, used 34310K [0x88ef0000, 0x8d300000, 0xa5da0000)
  object space 69696K, 49% used [0x88ef0000,0x8b071ac8,0x8d300000)
 PSPermGen       total 16384K, used 7706K [0x80ef0000, 0x81ef0000, 0x88ef0000)
  object space 16384K, 47% used [0x80ef0000,0x816769c0,0x81ef0000)
}
Event: 23.989 GC heap before
{Heap before GC invocations=7 (full 1):
 PSYoungGen      total 46592K, used 46576K [0xa5da0000, 0xad6b0000, 0xb44f0000)
  eden space 44800K, 100% used [0xa5da0000,0xa8960000,0xa8960000)
  from space 1792K, 99% used [0xa8960000,0xa8b1c2e0,0xa8b20000)
  to   space 24704K, 0% used [0xabe90000,0xabe90000,0xad6b0000)
 ParOldGen       total 69696K, used 34310K [0x88ef0000, 0x8d300000, 0xa5da0000)
  object space 69696K, 49% used [0x88ef0000,0x8b071ac8,0x8d300000)
 PSPermGen       total 16384K, used 7710K [0x80ef0000, 0x81ef0000, 0x88ef0000)
  object space 16384K, 47% used [0x80ef0000,0x816779f8,0x81ef0000)
Event: 23.997 GC heap after
Heap after GC invocations=7 (full 1):
 PSYoungGen      total 100224K, used 1984K [0xa5da0000, 0xad8e0000, 0xb44f0000)
  eden space 75520K, 0% used [0xa5da0000,0xa5da0000,0xaa760000)
  from space 24704K, 8% used [0xabe90000,0xac0802e0,0xad6b0000)
  to   space 23744K, 0% used [0xaa760000,0xaa760000,0xabe90000)
 ParOldGen       total 69696K, used 34310K [0x88ef0000, 0x8d300000, 0xa5da0000)
  object space 69696K, 49% used [0x88ef0000,0x8b071ac8,0x8d300000)
 PSPermGen       total 16384K, used 7710K [0x80ef0000, 0x81ef0000, 0x88ef0000)
  object space 16384K, 47% used [0x80ef0000,0x816779f8,0x81ef0000)
}
Event: 28.293 GC heap before
{Heap before GC invocations=8 (full 1):
 PSYoungGen      total 100224K, used 77504K [0xa5da0000, 0xad8e0000, 0xb44f0000)
  eden space 75520K, 100% used [0xa5da0000,0xaa760000,0xaa760000)
  from space 24704K, 8% used [0xabe90000,0xac0802e0,0xad6b0000)
  to   space 23744K, 0% used [0xaa760000,0xaa760000,0xabe90000)
 ParOldGen       total 69696K, used 34310K [0x88ef0000, 0x8d300000, 0xa5da0000)
  object space 69696K, 49% used [0x88ef0000,0x8b071ac8,0x8d300000)
 PSPermGen       total 16384K, used 7725K [0x80ef0000, 0x81ef0000, 0x88ef0000)
  object space 16384K, 47% used [0x80ef0000,0x8167b570,0x81ef0000)
Event: 28.303 GC heap after
Heap after GC invocations=8 (full 1):
 PSYoungGen      total 99264K, used 1904K [0xa5da0000, 0xb0790000, 0xb44f0000)
  eden space 75520K, 0% used [0xa5da0000,0xa5da0000,0xaa760000)
  from space 23744K, 8% used [0xaa760000,0xaa93c2c0,0xabe90000)
  to   space 22720K, 0% used [0xaf160000,0xaf160000,0xb0790000)
 ParOldGen       total 69696K, used 34653K [0x88ef0000, 0x8d300000, 0xa5da0000)
  object space 69696K, 49% used [0x88ef0000,0x8b0c75a0,0x8d300000)
 PSPermGen       total 16384K, used 7725K [0x80ef0000, 0x81ef0000, 0x88ef0000)
  object space 16384K, 47% used [0x80ef0000,0x8167b570,0x81ef0000)
}

