# JRE version: 7.0_09-b30
# Java VM: OpenJDK Server VM (23.2-b09 mixed mode linux-x86 )
Heap
 PSYoungGen      total 93632K, used 48772K [0xa5da0000, 0xad470000, 0xb44f0000)
  eden space 68928K, 68% used [0xa5da0000,0xa8b698b0,0xaa0f0000)
  from space 24704K, 7% used [0xab820000,0xab9f7830,0xad040000)
  to   space 23744K, 0% used [0xaa0f0000,0xaa0f0000,0xab820000)
 ParOldGen       total 70400K, used 34048K [0x88ef0000, 0x8d3b0000, 0xa5da0000)
  object space 70400K, 48% used [0x88ef0000,0x8b030318,0x8d3b0000)
 PSPermGen       total 16384K, used 7725K [0x80ef0000, 0x81ef0000, 0x88ef0000)
  object space 16384K, 47% used [0x80ef0000,0x8167b428,0x81ef0000)
GC Heap History (10 events):
Event: 8.136 GC heap before
{Heap before GC invocations=3 (full 0):
 PSYoungGen      total 24192K, used 24180K [0xa5da0000, 0xa7700000, 0xb44f0000)
  eden space 22400K, 99% used [0xa5da0000,0xa737ecd8,0xa7380000)
  from space 1792K, 99% used [0xa7540000,0xa76fe428,0xa7700000)
  to   space 1792K, 0% used [0xa7380000,0xa7380000,0xa7540000)
 ParOldGen       total 29632K, used 14454K [0x88ef0000, 0x8abe0000, 0xa5da0000)
  object space 29632K, 48% used [0x88ef0000,0x89d0d8a8,0x8abe0000)
 PSPermGen       total 16384K, used 7692K [0x80ef0000, 0x81ef0000, 0x88ef0000)
  object space 16384K, 46% used [0x80ef0000,0x816731e0,0x81ef0000)
Event: 8.201 GC heap after
Heap after GC invocations=3 (full 0):
 PSYoungGen      total 24192K, used 1777K [0xa5da0000, 0xa8ce0000, 0xb44f0000)
  eden space 22400K, 0% used [0xa5da0000,0xa5da0000,0xa7380000)
  from space 1792K, 99% used [0xa7380000,0xa753c438,0xa7540000)
  to   space 1792K, 0% used [0xa8b20000,0xa8b20000,0xa8ce0000)
 ParOldGen       total 34112K, used 33970K [0x88ef0000, 0x8b040000, 0xa5da0000)
  object space 34112K, 99% used [0x88ef0000,0x8b01ca48,0x8b040000)
 PSPermGen       total 16384K, used 7692K [0x80ef0000, 0x81ef0000, 0x88ef0000)
  object space 16384K, 46% used [0x80ef0000,0x816731e0,0x81ef0000)
}
Event: 8.202 GC heap before
{Heap before GC invocations=4 (full 1):
 PSYoungGen      total 24192K, used 1777K [0xa5da0000, 0xa8ce0000, 0xb44f0000)
  eden space 22400K, 0% used [0xa5da0000,0xa5da0000,0xa7380000)
  from space 1792K, 99% used [0xa7380000,0xa753c438,0xa7540000)
  to   space 1792K, 0% used [0xa8b20000,0xa8b20000,0xa8ce0000)
 ParOldGen       total 34112K, used 33970K [0x88ef0000, 0x8b040000, 0xa5da0000)
  object space 34112K, 99% used [0x88ef0000,0x8b01ca48,0x8b040000)
 PSPermGen       total 16384K, used 7692K [0x80ef0000, 0x81ef0000, 0x88ef0000)
  object space 16384K, 46% used [0x80ef0000,0x816731e0,0x81ef0000)
Event: 8.447 GC heap after
Heap after GC invocations=4 (full 1):
 PSYoungGen      total 24192K, used 1448K [0xa5da0000, 0xa8ce0000, 0xb44f0000)
  eden space 22400K, 0% used [0xa5da0000,0xa5da0000,0xa7380000)
  from space 1792K, 80% used [0xa7380000,0xa74ea1a0,0xa7540000)
  to   space 1792K, 0% used [0xa8b20000,0xa8b20000,0xa8ce0000)
 ParOldGen       total 70400K, used 33976K [0x88ef0000, 0x8d3b0000, 0xa5da0000)
  object space 70400K, 48% used [0x88ef0000,0x8b01e318,0x8d3b0000)
 PSPermGen       total 16384K, used 7689K [0x80ef0000, 0x81ef0000, 0x88ef0000)
  object space 16384K, 46% used [0x80ef0000,0x81672588,0x81ef0000)
}
Event: 9.616 GC heap before
{Heap before GC invocations=5 (full 1):
 PSYoungGen      total 24192K, used 23848K [0xa5da0000, 0xa8ce0000, 0xb44f0000)
  eden space 22400K, 100% used [0xa5da0000,0xa7380000,0xa7380000)
  from space 1792K, 80% used [0xa7380000,0xa74ea1a0,0xa7540000)
  to   space 1792K, 0% used [0xa8b20000,0xa8b20000,0xa8ce0000)
 ParOldGen       total 70400K, used 33976K [0x88ef0000, 0x8d3b0000, 0xa5da0000)
  object space 70400K, 48% used [0x88ef0000,0x8b01e318,0x8d3b0000)
 PSPermGen       total 16384K, used 7692K [0x80ef0000, 0x81ef0000, 0x88ef0000)
  object space 16384K, 46% used [0x80ef0000,0x81673238,0x81ef0000)
Event: 9.634 GC heap after
Heap after GC invocations=5 (full 1):
 PSYoungGen      total 41408K, used 1740K [0xa5da0000, 0xa8ce0000, 0xb44f0000)
  eden space 39616K, 0% used [0xa5da0000,0xa5da0000,0xa8450000)
  from space 1792K, 97% used [0xa8b20000,0xa8cd3050,0xa8ce0000)
  to   space 1792K, 0% used [0xa8960000,0xa8960000,0xa8b20000)
 ParOldGen       total 70400K, used 33976K [0x88ef0000, 0x8d3b0000, 0xa5da0000)
  object space 70400K, 48% used [0x88ef0000,0x8b01e318,0x8d3b0000)
 PSPermGen       total 16384K, used 7692K [0x80ef0000, 0x81ef0000, 0x88ef0000)
  object space 16384K, 46% used [0x80ef0000,0x81673238,0x81ef0000)
}
Event: 11.732 GC heap before
{Heap before GC invocations=6 (full 1):
 PSYoungGen      total 41408K, used 41356K [0xa5da0000, 0xa8ce0000, 0xb44f0000)
  eden space 39616K, 100% used [0xa5da0000,0xa8450000,0xa8450000)
  from space 1792K, 97% used [0xa8b20000,0xa8cd3050,0xa8ce0000)
  to   space 1792K, 0% used [0xa8960000,0xa8960000,0xa8b20000)
 ParOldGen       total 70400K, used 33976K [0x88ef0000, 0x8d3b0000, 0xa5da0000)
  object space 70400K, 48% used [0x88ef0000,0x8b01e318,0x8d3b0000)
 PSPermGen       total 16384K, used 7702K [0x80ef0000, 0x81ef0000, 0x88ef0000)
  object space 16384K, 47% used [0x80ef0000,0x81675b40,0x81ef0000)
Event: 11.736 GC heap after
Heap after GC invocations=6 (full 1):
 PSYoungGen      total 46592K, used 1782K [0xa5da0000, 0xad040000, 0xb44f0000)
  eden space 44800K, 0% used [0xa5da0000,0xa5da0000,0xa8960000)
  from space 1792K, 99% used [0xa8960000,0xa8b1d840,0xa8b20000)
  to   space 24704K, 0% used [0xab820000,0xab820000,0xad040000)
 ParOldGen       total 70400K, used 34048K [0x88ef0000, 0x8d3b0000, 0xa5da0000)
  object space 70400K, 48% used [0x88ef0000,0x8b030318,0x8d3b0000)
 PSPermGen       total 16384K, used 7702K [0x80ef0000, 0x81ef0000, 0x88ef0000)
  object space 16384K, 47% used [0x80ef0000,0x81675b40,0x81ef0000)
}
Event: 14.124 GC heap before
{Heap before GC invocations=7 (full 1):
 PSYoungGen      total 46592K, used 46582K [0xa5da0000, 0xad040000, 0xb44f0000)
  eden space 44800K, 100% used [0xa5da0000,0xa8960000,0xa8960000)
  from space 1792K, 99% used [0xa8960000,0xa8b1d840,0xa8b20000)
  to   space 24704K, 0% used [0xab820000,0xab820000,0xad040000)
 ParOldGen       total 70400K, used 34048K [0x88ef0000, 0x8d3b0000, 0xa5da0000)
  object space 70400K, 48% used [0x88ef0000,0x8b030318,0x8d3b0000)
 PSPermGen       total 16384K, used 7708K [0x80ef0000, 0x81ef0000, 0x88ef0000)
  object space 16384K, 47% used [0x80ef0000,0x81677018,0x81ef0000)
Event: 14.130 GC heap after
Heap after GC invocations=7 (full 1):
 PSYoungGen      total 93632K, used 1886K [0xa5da0000, 0xad470000, 0xb44f0000)
  eden space 68928K, 0% used [0xa5da0000,0xa5da0000,0xaa0f0000)
  from space 24704K, 7% used [0xab820000,0xab9f7830,0xad040000)
  to   space 23744K, 0% used [0xaa0f0000,0xaa0f0000,0xab820000)
 ParOldGen       total 70400K, used 34048K [0x88ef0000, 0x8d3b0000, 0xa5da0000)
  object space 70400K, 48% used [0x88ef0000,0x8b030318,0x8d3b0000)
 PSPermGen       total 16384K, used 7708K [0x80ef0000, 0x81ef0000, 0x88ef0000)
  object space 16384K, 47% used [0x80ef0000,0x81677018,0x81ef0000)
}

