# JRE version: 7.0_09-b30
# Java VM: OpenJDK Server VM (23.2-b09 mixed mode linux-x86 )
Heap
 PSYoungGen      total 24192K, used 21528K [0xa5de0000, 0xa7740000, 0xb4530000)
  eden space 22400K, 96% used [0xa5de0000,0xa72e63d0,0xa73c0000)
  from space 1792K, 0% used [0xa7580000,0xa7580000,0xa7740000)
  to   space 1792K, 0% used [0xa73c0000,0xa73c0000,0xa7580000)
 ParOldGen       total 42944K, used 16694K [0x88f30000, 0x8b920000, 0xa5de0000)
  object space 42944K, 38% used [0x88f30000,0x89f7d820,0x8b920000)
 PSPermGen       total 16384K, used 7594K [0x80f30000, 0x81f30000, 0x88f30000)
  object space 16384K, 46% used [0x80f30000,0x8169aa58,0x81f30000)
GC Heap History (6 events):
Event: 6.045 GC heap before
{Heap before GC invocations=1 (full 0):
 PSYoungGen      total 12992K, used 10998K [0xa5de0000, 0xa6c50000, 0xb4530000)
  eden space 11200K, 98% used [0xa5de0000,0xa689da78,0xa68d0000)
  from space 1792K, 0% used [0xa6a90000,0xa6a90000,0xa6c50000)
  to   space 1792K, 0% used [0xa68d0000,0xa68d0000,0xa6a90000)
 ParOldGen       total 29632K, used 0K [0x88f30000, 0x8ac20000, 0xa5de0000)
  object space 29632K, 0% used [0x88f30000,0x88f30000,0x8ac20000)
 PSPermGen       total 16384K, used 7429K [0x80f30000, 0x81f30000, 0x88f30000)
  object space 16384K, 45% used [0x80f30000,0x81671748,0x81f30000)
Event: 6.129 GC heap after
Heap after GC invocations=1 (full 0):
 PSYoungGen      total 12992K, used 1776K [0xa5de0000, 0xa7740000, 0xb4530000)
  eden space 11200K, 0% used [0xa5de0000,0xa5de0000,0xa68d0000)
  from space 1792K, 99% used [0xa68d0000,0xa6a8c010,0xa6a90000)
  to   space 1792K, 0% used [0xa7580000,0xa7580000,0xa7740000)
 ParOldGen       total 29632K, used 3698K [0x88f30000, 0x8ac20000, 0xa5de0000)
  object space 29632K, 12% used [0x88f30000,0x892cc918,0x8ac20000)
 PSPermGen       total 16384K, used 7429K [0x80f30000, 0x81f30000, 0x88f30000)
  object space 16384K, 45% used [0x80f30000,0x81671748,0x81f30000)
}
Event: 6.192 GC heap before
{Heap before GC invocations=2 (full 0):
 PSYoungGen      total 12992K, used 12976K [0xa5de0000, 0xa7740000, 0xb4530000)
  eden space 11200K, 100% used [0xa5de0000,0xa68d0000,0xa68d0000)
  from space 1792K, 99% used [0xa68d0000,0xa6a8c010,0xa6a90000)
  to   space 1792K, 0% used [0xa7580000,0xa7580000,0xa7740000)
 ParOldGen       total 29632K, used 3698K [0x88f30000, 0x8ac20000, 0xa5de0000)
  object space 29632K, 12% used [0x88f30000,0x892cc918,0x8ac20000)
 PSPermGen       total 16384K, used 7435K [0x80f30000, 0x81f30000, 0x88f30000)
  object space 16384K, 45% used [0x80f30000,0x81672e78,0x81f30000)
Event: 6.259 GC heap after
Heap after GC invocations=2 (full 0):
 PSYoungGen      total 24192K, used 1776K [0xa5de0000, 0xa7740000, 0xb4530000)
  eden space 22400K, 0% used [0xa5de0000,0xa5de0000,0xa73c0000)
  from space 1792K, 99% used [0xa7580000,0xa773c010,0xa7740000)
  to   space 1792K, 0% used [0xa73c0000,0xa73c0000,0xa7580000)
 ParOldGen       total 29632K, used 16126K [0x88f30000, 0x8ac20000, 0xa5de0000)
  object space 29632K, 54% used [0x88f30000,0x89eef958,0x8ac20000)
 PSPermGen       total 16384K, used 7435K [0x80f30000, 0x81f30000, 0x88f30000)
  object space 16384K, 45% used [0x80f30000,0x81672e78,0x81f30000)
}
Event: 6.259 GC heap before
{Heap before GC invocations=3 (full 1):
 PSYoungGen      total 24192K, used 1776K [0xa5de0000, 0xa7740000, 0xb4530000)
  eden space 22400K, 0% used [0xa5de0000,0xa5de0000,0xa73c0000)
  from space 1792K, 99% used [0xa7580000,0xa773c010,0xa7740000)
  to   space 1792K, 0% used [0xa73c0000,0xa73c0000,0xa7580000)
 ParOldGen       total 29632K, used 16126K [0x88f30000, 0x8ac20000, 0xa5de0000)
  object space 29632K, 54% used [0x88f30000,0x89eef958,0x8ac20000)
 PSPermGen       total 16384K, used 7435K [0x80f30000, 0x81f30000, 0x88f30000)
  object space 16384K, 45% used [0x80f30000,0x81672e78,0x81f30000)
Event: 6.314 GC heap after
Heap after GC invocations=3 (full 1):
 PSYoungGen      total 24192K, used 0K [0xa5de0000, 0xa7740000, 0xb4530000)
  eden space 22400K, 0% used [0xa5de0000,0xa5de0000,0xa73c0000)
  from space 1792K, 0% used [0xa7580000,0xa7580000,0xa7740000)
  to   space 1792K, 0% used [0xa73c0000,0xa73c0000,0xa7580000)
 ParOldGen       total 42944K, used 16694K [0x88f30000, 0x8b920000, 0xa5de0000)
  object space 42944K, 38% used [0x88f30000,0x89f7d820,0x8b920000)
 PSPermGen       total 16384K, used 7432K [0x80f30000, 0x81f30000, 0x88f30000)
  object space 16384K, 45% used [0x80f30000,0x81672230,0x81f30000)
}

