# JRE version: 7.0_09-b30
# Java VM: OpenJDK Server VM (23.2-b09 mixed mode linux-x86 )
Heap
 PSYoungGen      total 61568K, used 7756K [0xa5ce0000, 0xab190000, 0xb4430000)
  eden space 45056K, 9% used [0xa5ce0000,0xa6129830,0xa88e0000)
  from space 16512K, 20% used [0xa88e0000,0xa8c299a0,0xa9900000)
  to   space 15872K, 0% used [0xaa210000,0xaa210000,0xab190000)
 ParOldGen       total 56832K, used 34066K [0x88e30000, 0x8c5b0000, 0xa5ce0000)
  object space 56832K, 59% used [0x88e30000,0x8af74a90,0x8c5b0000)
 PSPermGen       total 16384K, used 7724K [0x80e30000, 0x81e30000, 0x88e30000)
  object space 16384K, 47% used [0x80e30000,0x815bb1f0,0x81e30000)
GC Heap History (10 events):
Event: 12.679 GC heap before
{Heap before GC invocations=6 (full 1):
 PSYoungGen      total 20864K, used 20856K [0xa5ce0000, 0xa7640000, 0xb4430000)
  eden space 19072K, 100% used [0xa5ce0000,0xa6f80000,0xa6f80000)
  from space 1792K, 99% used [0xa7480000,0xa763e170,0xa7640000)
  to   space 1792K, 0% used [0xa72c0000,0xa72c0000,0xa7480000)
 ParOldGen       total 56832K, used 33842K [0x88e30000, 0x8c5b0000, 0xa5ce0000)
  object space 56832K, 59% used [0x88e30000,0x8af3cb70,0x8c5b0000)
 PSPermGen       total 16384K, used 7693K [0x80e30000, 0x81e30000, 0x88e30000)
  object space 16384K, 46% used [0x80e30000,0x815b34d8,0x81e30000)
Event: 12.682 GC heap after
Heap after GC invocations=6 (full 1):
 PSYoungGen      total 24192K, used 1785K [0xa5ce0000, 0xa9cb0000, 0xb4430000)
  eden space 22400K, 0% used [0xa5ce0000,0xa5ce0000,0xa72c0000)
  from space 1792K, 99% used [0xa72c0000,0xa747e560,0xa7480000)
  to   space 17024K, 0% used [0xa8c10000,0xa8c10000,0xa9cb0000)
 ParOldGen       total 56832K, used 34006K [0x88e30000, 0x8c5b0000, 0xa5ce0000)
  object space 56832K, 59% used [0x88e30000,0x8af65b70,0x8c5b0000)
 PSPermGen       total 16384K, used 7693K [0x80e30000, 0x81e30000, 0x88e30000)
  object space 16384K, 46% used [0x80e30000,0x815b34d8,0x81e30000)
}
Event: 13.865 GC heap before
{Heap before GC invocations=7 (full 1):
 PSYoungGen      total 24192K, used 24185K [0xa5ce0000, 0xa9cb0000, 0xb4430000)
  eden space 22400K, 100% used [0xa5ce0000,0xa72c0000,0xa72c0000)
  from space 1792K, 99% used [0xa72c0000,0xa747e560,0xa7480000)
  to   space 17024K, 0% used [0xa8c10000,0xa8c10000,0xa9cb0000)
 ParOldGen       total 56832K, used 34006K [0x88e30000, 0x8c5b0000, 0xa5ce0000)
  object space 56832K, 59% used [0x88e30000,0x8af65b90,0x8c5b0000)
 PSPermGen       total 16384K, used 7696K [0x80e30000, 0x81e30000, 0x88e30000)
  object space 16384K, 46% used [0x80e30000,0x815b4180,0x81e30000)
Event: 13.868 GC heap after
Heap after GC invocations=7 (full 1):
 PSYoungGen      total 48448K, used 3113K [0xa5ce0000, 0xaa040000, 0xb4430000)
  eden space 31424K, 0% used [0xa5ce0000,0xa5ce0000,0xa7b90000)
  from space 17024K, 18% used [0xa8c10000,0xa8f1a570,0xa9cb0000)
  to   space 16896K, 0% used [0xa7b90000,0xa7b90000,0xa8c10000)
 ParOldGen       total 56832K, used 34006K [0x88e30000, 0x8c5b0000, 0xa5ce0000)
  object space 56832K, 59% used [0x88e30000,0x8af65b90,0x8c5b0000)
 PSPermGen       total 16384K, used 7696K [0x80e30000, 0x81e30000, 0x88e30000)
  object space 16384K, 46% used [0x80e30000,0x815b4180,0x81e30000)
}
Event: 15.524 GC heap before
{Heap before GC invocations=8 (full 1):
 PSYoungGen      total 48448K, used 34537K [0xa5ce0000, 0xaa040000, 0xb4430000)
  eden space 31424K, 100% used [0xa5ce0000,0xa7b90000,0xa7b90000)
  from space 17024K, 18% used [0xa8c10000,0xa8f1a570,0xa9cb0000)
  to   space 16896K, 0% used [0xa7b90000,0xa7b90000,0xa8c10000)
 ParOldGen       total 56832K, used 34044K [0x88e30000, 0x8c5b0000, 0xa5ce0000)
  object space 56832K, 59% used [0x88e30000,0x8af6f010,0x8c5b0000)
 PSPermGen       total 16384K, used 7706K [0x80e30000, 0x81e30000, 0x88e30000)
  object space 16384K, 47% used [0x80e30000,0x815b6b80,0x81e30000)
Event: 15.528 GC heap after
Heap after GC invocations=8 (full 1):
 PSYoungGen      total 48320K, used 2007K [0xa5ce0000, 0xaabc0000, 0xb4430000)
  eden space 31424K, 0% used [0xa5ce0000,0xa5ce0000,0xa7b90000)
  from space 16896K, 11% used [0xa7b90000,0xa7d85d80,0xa8c10000)
  to   space 16768K, 0% used [0xa9b60000,0xa9b60000,0xaabc0000)
 ParOldGen       total 56832K, used 34044K [0x88e30000, 0x8c5b0000, 0xa5ce0000)
  object space 56832K, 59% used [0x88e30000,0x8af6f010,0x8c5b0000)
 PSPermGen       total 16384K, used 7706K [0x80e30000, 0x81e30000, 0x88e30000)
  object space 16384K, 47% used [0x80e30000,0x815b6b80,0x81e30000)
}
Event: 17.153 GC heap before
{Heap before GC invocations=9 (full 1):
 PSYoungGen      total 48320K, used 33431K [0xa5ce0000, 0xaabc0000, 0xb4430000)
  eden space 31424K, 100% used [0xa5ce0000,0xa7b90000,0xa7b90000)
  from space 16896K, 11% used [0xa7b90000,0xa7d85d80,0xa8c10000)
  to   space 16768K, 0% used [0xa9b60000,0xa9b60000,0xaabc0000)
 ParOldGen       total 56832K, used 34044K [0x88e30000, 0x8c5b0000, 0xa5ce0000)
  object space 56832K, 59% used [0x88e30000,0x8af6f030,0x8c5b0000)
 PSPermGen       total 16384K, used 7708K [0x80e30000, 0x81e30000, 0x88e30000)
  object space 16384K, 47% used [0x80e30000,0x815b7248,0x81e30000)
Event: 17.157 GC heap after
Heap after GC invocations=9 (full 1):
 PSYoungGen      total 59136K, used 2023K [0xa5ce0000, 0xaa920000, 0xb4430000)
  eden space 45056K, 0% used [0xa5ce0000,0xa5ce0000,0xa88e0000)
  from space 14080K, 14% used [0xa9b60000,0xa9d59d80,0xaa920000)
  to   space 16512K, 0% used [0xa88e0000,0xa88e0000,0xa9900000)
 ParOldGen       total 56832K, used 34044K [0x88e30000, 0x8c5b0000, 0xa5ce0000)
  object space 56832K, 59% used [0x88e30000,0x8af6f030,0x8c5b0000)
 PSPermGen       total 16384K, used 7708K [0x80e30000, 0x81e30000, 0x88e30000)
  object space 16384K, 47% used [0x80e30000,0x815b7248,0x81e30000)
}
Event: 19.760 GC heap before
{Heap before GC invocations=10 (full 1):
 PSYoungGen      total 59136K, used 47079K [0xa5ce0000, 0xaa920000, 0xb4430000)
  eden space 45056K, 100% used [0xa5ce0000,0xa88e0000,0xa88e0000)
  from space 14080K, 14% used [0xa9b60000,0xa9d59d80,0xaa920000)
  to   space 16512K, 0% used [0xa88e0000,0xa88e0000,0xa9900000)
 ParOldGen       total 56832K, used 34066K [0x88e30000, 0x8c5b0000, 0xa5ce0000)
  object space 56832K, 59% used [0x88e30000,0x8af74a90,0x8c5b0000)
 PSPermGen       total 16384K, used 7721K [0x80e30000, 0x81e30000, 0x88e30000)
  object space 16384K, 47% used [0x80e30000,0x815ba438,0x81e30000)
Event: 19.765 GC heap after
Heap after GC invocations=10 (full 1):
 PSYoungGen      total 61568K, used 3366K [0xa5ce0000, 0xab190000, 0xb4430000)
  eden space 45056K, 0% used [0xa5ce0000,0xa5ce0000,0xa88e0000)
  from space 16512K, 20% used [0xa88e0000,0xa8c299a0,0xa9900000)
  to   space 15872K, 0% used [0xaa210000,0xaa210000,0xab190000)
 ParOldGen       total 56832K, used 34066K [0x88e30000, 0x8c5b0000, 0xa5ce0000)
  object space 56832K, 59% used [0x88e30000,0x8af74a90,0x8c5b0000)
 PSPermGen       total 16384K, used 7721K [0x80e30000, 0x81e30000, 0x88e30000)
  object space 16384K, 47% used [0x80e30000,0x815ba438,0x81e30000)
}

