# JRE version: 7.0_09-b30
# Java VM: OpenJDK Server VM (23.2-b09 mixed mode linux-x86 )
Heap
 PSYoungGen      total 58240K, used 18858K [0xa5de0000, 0xab1d0000, 0xb4530000)
  eden space 34176K, 46% used [0xa5de0000,0xa6d670c8,0xa7f40000)
  from space 24064K, 12% used [0xa9630000,0xa9913a50,0xaadb0000)
  to   space 23488K, 0% used [0xa7f40000,0xa7f40000,0xa9630000)
 ParOldGen       total 76032K, used 40465K [0x88f30000, 0x8d970000, 0xa5de0000)
  object space 76032K, 53% used [0x88f30000,0x8b6b4618,0x8d970000)
 PSPermGen       total 16384K, used 8209K [0x80f30000, 0x81f30000, 0x88f30000)
  object space 16384K, 50% used [0x80f30000,0x817347c0,0x81f30000)
GC Heap History (10 events):
Event: 3.111 GC heap before
{Heap before GC invocations=3 (full 0):
 PSYoungGen      total 24192K, used 23030K [0xa5de0000, 0xa7740000, 0xb4530000)
  eden space 22400K, 94% used [0xa5de0000,0xa729f8e8,0xa73c0000)
  from space 1792K, 99% used [0xa7580000,0xa773e0b8,0xa7740000)
  to   space 1792K, 0% used [0xa73c0000,0xa73c0000,0xa7580000)
 ParOldGen       total 29632K, used 11834K [0x88f30000, 0x8ac20000, 0xa5de0000)
  object space 29632K, 39% used [0x88f30000,0x89abe960,0x8ac20000)
 PSPermGen       total 16384K, used 7939K [0x80f30000, 0x81f30000, 0x88f30000)
  object space 16384K, 48% used [0x80f30000,0x816f0cb0,0x81f30000)
Event: 3.166 GC heap after
Heap after GC invocations=3 (full 0):
 PSYoungGen      total 24192K, used 1784K [0xa5de0000, 0xa8d20000, 0xb4530000)
  eden space 22400K, 0% used [0xa5de0000,0xa5de0000,0xa73c0000)
  from space 1792K, 99% used [0xa73c0000,0xa757e0b8,0xa7580000)
  to   space 1792K, 0% used [0xa8b60000,0xa8b60000,0xa8d20000)
 ParOldGen       total 33216K, used 33086K [0x88f30000, 0x8afa0000, 0xa5de0000)
  object space 33216K, 99% used [0x88f30000,0x8af7f960,0x8afa0000)
 PSPermGen       total 16384K, used 7939K [0x80f30000, 0x81f30000, 0x88f30000)
  object space 16384K, 48% used [0x80f30000,0x816f0cb0,0x81f30000)
}
Event: 3.166 GC heap before
{Heap before GC invocations=4 (full 1):
 PSYoungGen      total 24192K, used 1784K [0xa5de0000, 0xa8d20000, 0xb4530000)
  eden space 22400K, 0% used [0xa5de0000,0xa5de0000,0xa73c0000)
  from space 1792K, 99% used [0xa73c0000,0xa757e0b8,0xa7580000)
  to   space 1792K, 0% used [0xa8b60000,0xa8b60000,0xa8d20000)
 ParOldGen       total 33216K, used 33086K [0x88f30000, 0x8afa0000, 0xa5de0000)
  object space 33216K, 99% used [0x88f30000,0x8af7f960,0x8afa0000)
 PSPermGen       total 16384K, used 7939K [0x80f30000, 0x81f30000, 0x88f30000)
  object space 16384K, 48% used [0x80f30000,0x816f0cb0,0x81f30000)
Event: 3.481 GC heap after
Heap after GC invocations=4 (full 1):
 PSYoungGen      total 24192K, used 1407K [0xa5de0000, 0xa8d20000, 0xb4530000)
  eden space 22400K, 0% used [0xa5de0000,0xa5de0000,0xa73c0000)
  from space 1792K, 78% used [0xa73c0000,0xa751fd08,0xa7580000)
  to   space 1792K, 0% used [0xa8b60000,0xa8b60000,0xa8d20000)
 ParOldGen       total 76032K, used 32646K [0x88f30000, 0x8d970000, 0xa5de0000)
  object space 76032K, 42% used [0x88f30000,0x8af11b28,0x8d970000)
 PSPermGen       total 16384K, used 7936K [0x80f30000, 0x81f30000, 0x88f30000)
  object space 16384K, 48% used [0x80f30000,0x816f0018,0x81f30000)
}
Event: 39.467 GC heap before
{Heap before GC invocations=5 (full 1):
 PSYoungGen      total 24192K, used 23807K [0xa5de0000, 0xa8d20000, 0xb4530000)
  eden space 22400K, 100% used [0xa5de0000,0xa73c0000,0xa73c0000)
  from space 1792K, 78% used [0xa73c0000,0xa751fd08,0xa7580000)
  to   space 1792K, 0% used [0xa8b60000,0xa8b60000,0xa8d20000)
 ParOldGen       total 76032K, used 32646K [0x88f30000, 0x8d970000, 0xa5de0000)
  object space 76032K, 42% used [0x88f30000,0x8af11b28,0x8d970000)
 PSPermGen       total 16384K, used 8179K [0x80f30000, 0x81f30000, 0x88f30000)
  object space 16384K, 49% used [0x80f30000,0x8172cd00,0x81f30000)
Event: 39.497 GC heap after
Heap after GC invocations=5 (full 1):
 PSYoungGen      total 29760K, used 1792K [0xa5de0000, 0xa8d20000, 0xb4530000)
  eden space 27968K, 0% used [0xa5de0000,0xa5de0000,0xa7930000)
  from space 1792K, 100% used [0xa8b60000,0xa8d20000,0xa8d20000)
  to   space 1792K, 0% used [0xa89a0000,0xa89a0000,0xa8b60000)
 ParOldGen       total 76032K, used 38833K [0x88f30000, 0x8d970000, 0xa5de0000)
  object space 76032K, 51% used [0x88f30000,0x8b51c618,0x8d970000)
 PSPermGen       total 16384K, used 8179K [0x80f30000, 0x81f30000, 0x88f30000)
  object space 16384K, 49% used [0x80f30000,0x8172cd00,0x81f30000)
}
Event: 73.125 GC heap before
{Heap before GC invocations=6 (full 1):
 PSYoungGen      total 29760K, used 29760K [0xa5de0000, 0xa8d20000, 0xb4530000)
  eden space 27968K, 100% used [0xa5de0000,0xa7930000,0xa7930000)
  from space 1792K, 100% used [0xa8b60000,0xa8d20000,0xa8d20000)
  to   space 1792K, 0% used [0xa89a0000,0xa89a0000,0xa8b60000)
 ParOldGen       total 76032K, used 38833K [0x88f30000, 0x8d970000, 0xa5de0000)
  object space 76032K, 51% used [0x88f30000,0x8b51c618,0x8d970000)
 PSPermGen       total 16384K, used 8200K [0x80f30000, 0x81f30000, 0x88f30000)
  object space 16384K, 50% used [0x80f30000,0x817320e0,0x81f30000)
Event: 73.139 GC heap after
Heap after GC invocations=6 (full 1):
 PSYoungGen      total 35392K, used 1776K [0xa5de0000, 0xaadb0000, 0xb4530000)
  eden space 33600K, 0% used [0xa5de0000,0xa5de0000,0xa7eb0000)
  from space 1792K, 99% used [0xa89a0000,0xa8b5c010,0xa8b60000)
  to   space 24064K, 0% used [0xa9630000,0xa9630000,0xaadb0000)
 ParOldGen       total 76032K, used 40465K [0x88f30000, 0x8d970000, 0xa5de0000)
  object space 76032K, 53% used [0x88f30000,0x8b6b4618,0x8d970000)
 PSPermGen       total 16384K, used 8200K [0x80f30000, 0x81f30000, 0x88f30000)
  object space 16384K, 50% used [0x80f30000,0x817320e0,0x81f30000)
}
Event: 97.253 GC heap before
{Heap before GC invocations=7 (full 1):
 PSYoungGen      total 35392K, used 35376K [0xa5de0000, 0xaadb0000, 0xb4530000)
  eden space 33600K, 100% used [0xa5de0000,0xa7eb0000,0xa7eb0000)
  from space 1792K, 99% used [0xa89a0000,0xa8b5c010,0xa8b60000)
  to   space 24064K, 0% used [0xa9630000,0xa9630000,0xaadb0000)
 ParOldGen       total 76032K, used 40465K [0x88f30000, 0x8d970000, 0xa5de0000)
  object space 76032K, 53% used [0x88f30000,0x8b6b4618,0x8d970000)
 PSPermGen       total 16384K, used 8202K [0x80f30000, 0x81f30000, 0x88f30000)
  object space 16384K, 50% used [0x80f30000,0x81732b98,0x81f30000)
Event: 97.261 GC heap after
Heap after GC invocations=7 (full 1):
 PSYoungGen      total 58240K, used 2958K [0xa5de0000, 0xab1d0000, 0xb4530000)
  eden space 34176K, 0% used [0xa5de0000,0xa5de0000,0xa7f40000)
  from space 24064K, 12% used [0xa9630000,0xa9913a50,0xaadb0000)
  to   space 23488K, 0% used [0xa7f40000,0xa7f40000,0xa9630000)
 ParOldGen       total 76032K, used 40465K [0x88f30000, 0x8d970000, 0xa5de0000)
  object space 76032K, 53% used [0x88f30000,0x8b6b4618,0x8d970000)
 PSPermGen       total 16384K, used 8202K [0x80f30000, 0x81f30000, 0x88f30000)
  object space 16384K, 50% used [0x80f30000,0x81732b98,0x81f30000)
}

