# JRE version: 7.0_09-b30
# Java VM: OpenJDK Server VM (23.2-b09 mixed mode linux-x86 )
Heap
 PSYoungGen      total 54208K, used 31324K [0xa5de0000, 0xaa700000, 0xb4530000)
  eden space 39616K, 63% used [0xa5de0000,0xa7683730,0xa8490000)
  from space 14592K, 41% used [0xa8490000,0xa8a83970,0xa92d0000)
  to   space 13952K, 0% used [0xa9960000,0xa9960000,0xaa700000)
 ParOldGen       total 53184K, used 36279K [0x88f30000, 0x8c320000, 0xa5de0000)
  object space 53184K, 68% used [0x88f30000,0x8b29dd78,0x8c320000)
 PSPermGen       total 16384K, used 8211K [0x80f30000, 0x81f30000, 0x88f30000)
  object space 16384K, 50% used [0x80f30000,0x81734c98,0x81f30000)
GC Heap History (10 events):
Event: 50.152 GC heap before
{Heap before GC invocations=6 (full 1):
 PSYoungGen      total 20288K, used 20288K [0xa5de0000, 0xa7740000, 0xb4530000)
  eden space 18496K, 100% used [0xa5de0000,0xa6ff0000,0xa6ff0000)
  from space 1792K, 100% used [0xa7580000,0xa7740000,0xa7740000)
  to   space 1792K, 0% used [0xa73c0000,0xa73c0000,0xa7580000)
 ParOldGen       total 53184K, used 31916K [0x88f30000, 0x8c320000, 0xa5de0000)
  object space 53184K, 60% used [0x88f30000,0x8ae5b3b8,0x8c320000)
 PSPermGen       total 16384K, used 8142K [0x80f30000, 0x81f30000, 0x88f30000)
  object space 16384K, 49% used [0x80f30000,0x81723bf0,0x81f30000)
Event: 50.168 GC heap after
Heap after GC invocations=6 (full 1):
 PSYoungGen      total 24192K, used 1792K [0xa5de0000, 0xa9790000, 0xb4530000)
  eden space 22400K, 0% used [0xa5de0000,0xa5de0000,0xa73c0000)
  from space 1792K, 100% used [0xa73c0000,0xa7580000,0xa7580000)
  to   space 14912K, 0% used [0xa8900000,0xa8900000,0xa9790000)
 ParOldGen       total 53184K, used 36249K [0x88f30000, 0x8c320000, 0xa5de0000)
  object space 53184K, 68% used [0x88f30000,0x8b2964c0,0x8c320000)
 PSPermGen       total 16384K, used 8142K [0x80f30000, 0x81f30000, 0x88f30000)
  object space 16384K, 49% used [0x80f30000,0x81723bf0,0x81f30000)
}
Event: 76.127 GC heap before
{Heap before GC invocations=7 (full 1):
 PSYoungGen      total 24192K, used 24192K [0xa5de0000, 0xa9790000, 0xb4530000)
  eden space 22400K, 100% used [0xa5de0000,0xa73c0000,0xa73c0000)
  from space 1792K, 100% used [0xa73c0000,0xa7580000,0xa7580000)
  to   space 14912K, 0% used [0xa8900000,0xa8900000,0xa9790000)
 ParOldGen       total 53184K, used 36249K [0x88f30000, 0x8c320000, 0xa5de0000)
  object space 53184K, 68% used [0x88f30000,0x8b2964c0,0x8c320000)
 PSPermGen       total 16384K, used 8153K [0x80f30000, 0x81f30000, 0x88f30000)
  object space 16384K, 49% used [0x80f30000,0x817265d8,0x81f30000)
Event: 76.139 GC heap after
Heap after GC invocations=7 (full 1):
 PSYoungGen      total 43776K, used 3280K [0xa5de0000, 0xa9cd0000, 0xb4530000)
  eden space 28864K, 0% used [0xa5de0000,0xa5de0000,0xa7a10000)
  from space 14912K, 21% used [0xa8900000,0xa8c34010,0xa9790000)
  to   space 15296K, 0% used [0xa7a10000,0xa7a10000,0xa8900000)
 ParOldGen       total 53184K, used 36249K [0x88f30000, 0x8c320000, 0xa5de0000)
  object space 53184K, 68% used [0x88f30000,0x8b2964c0,0x8c320000)
 PSPermGen       total 16384K, used 8153K [0x80f30000, 0x81f30000, 0x88f30000)
  object space 16384K, 49% used [0x80f30000,0x817265d8,0x81f30000)
}
Event: 99.119 GC heap before
{Heap before GC invocations=8 (full 1):
 PSYoungGen      total 43776K, used 32144K [0xa5de0000, 0xa9cd0000, 0xb4530000)
  eden space 28864K, 100% used [0xa5de0000,0xa7a10000,0xa7a10000)
  from space 14912K, 21% used [0xa8900000,0xa8c34010,0xa9790000)
  to   space 15296K, 0% used [0xa7a10000,0xa7a10000,0xa8900000)
 ParOldGen       total 53184K, used 36249K [0x88f30000, 0x8c320000, 0xa5de0000)
  object space 53184K, 68% used [0x88f30000,0x8b2964c0,0x8c320000)
 PSPermGen       total 16384K, used 8159K [0x80f30000, 0x81f30000, 0x88f30000)
  object space 16384K, 49% used [0x80f30000,0x81727f98,0x81f30000)
Event: 99.133 GC heap after
Heap after GC invocations=8 (full 1):
 PSYoungGen      total 44160K, used 4524K [0xa5de0000, 0xaa3e0000, 0xb4530000)
  eden space 28864K, 0% used [0xa5de0000,0xa5de0000,0xa7a10000)
  from space 15296K, 29% used [0xa7a10000,0xa7e7b390,0xa8900000)
  to   space 15040K, 0% used [0xa9530000,0xa9530000,0xaa3e0000)
 ParOldGen       total 53184K, used 36249K [0x88f30000, 0x8c320000, 0xa5de0000)
  object space 53184K, 68% used [0x88f30000,0x8b2964c0,0x8c320000)
 PSPermGen       total 16384K, used 8159K [0x80f30000, 0x81f30000, 0x88f30000)
  object space 16384K, 49% used [0x80f30000,0x81727f98,0x81f30000)
}
Event: 118.167 GC heap before
{Heap before GC invocations=9 (full 1):
 PSYoungGen      total 44160K, used 33388K [0xa5de0000, 0xaa3e0000, 0xb4530000)
  eden space 28864K, 100% used [0xa5de0000,0xa7a10000,0xa7a10000)
  from space 15296K, 29% used [0xa7a10000,0xa7e7b390,0xa8900000)
  to   space 15040K, 0% used [0xa9530000,0xa9530000,0xaa3e0000)
 ParOldGen       total 53184K, used 36249K [0x88f30000, 0x8c320000, 0xa5de0000)
  object space 53184K, 68% used [0x88f30000,0x8b2964e0,0x8c320000)
 PSPermGen       total 16384K, used 8187K [0x80f30000, 0x81f30000, 0x88f30000)
  object space 16384K, 49% used [0x80f30000,0x8172efd0,0x81f30000)
Event: 118.183 GC heap after
Heap after GC invocations=9 (full 1):
 PSYoungGen      total 51776K, used 5227K [0xa5de0000, 0xaa110000, 0xb4530000)
  eden space 39616K, 0% used [0xa5de0000,0xa5de0000,0xa8490000)
  from space 12160K, 42% used [0xa9530000,0xa9a4ae40,0xaa110000)
  to   space 14592K, 0% used [0xa8490000,0xa8490000,0xa92d0000)
 ParOldGen       total 53184K, used 36249K [0x88f30000, 0x8c320000, 0xa5de0000)
  object space 53184K, 68% used [0x88f30000,0x8b2964e0,0x8c320000)
 PSPermGen       total 16384K, used 8187K [0x80f30000, 0x81f30000, 0x88f30000)
  object space 16384K, 49% used [0x80f30000,0x8172efd0,0x81f30000)
}
Event: 139.411 GC heap before
{Heap before GC invocations=10 (full 1):
 PSYoungGen      total 51776K, used 44843K [0xa5de0000, 0xaa110000, 0xb4530000)
  eden space 39616K, 100% used [0xa5de0000,0xa8490000,0xa8490000)
  from space 12160K, 42% used [0xa9530000,0xa9a4ae40,0xaa110000)
  to   space 14592K, 0% used [0xa8490000,0xa8490000,0xa92d0000)
 ParOldGen       total 53184K, used 36279K [0x88f30000, 0x8c320000, 0xa5de0000)
  object space 53184K, 68% used [0x88f30000,0x8b29dd78,0x8c320000)
 PSPermGen       total 16384K, used 8204K [0x80f30000, 0x81f30000, 0x88f30000)
  object space 16384K, 50% used [0x80f30000,0x81733228,0x81f30000)
Event: 139.432 GC heap after
Heap after GC invocations=10 (full 1):
 PSYoungGen      total 54208K, used 6094K [0xa5de0000, 0xaa700000, 0xb4530000)
  eden space 39616K, 0% used [0xa5de0000,0xa5de0000,0xa8490000)
  from space 14592K, 41% used [0xa8490000,0xa8a83970,0xa92d0000)
  to   space 13952K, 0% used [0xa9960000,0xa9960000,0xaa700000)
 ParOldGen       total 53184K, used 36279K [0x88f30000, 0x8c320000, 0xa5de0000)
  object space 53184K, 68% used [0x88f30000,0x8b29dd78,0x8c320000)
 PSPermGen       total 16384K, used 8204K [0x80f30000, 0x81f30000, 0x88f30000)
  object space 16384K, 50% used [0x80f30000,0x81733228,0x81f30000)
}

