# JRE version: 7.0_09-b30
# Java VM: OpenJDK Server VM (23.2-b09 mixed mode linux-x86 )
Heap
 PSYoungGen      total 30784K, used 18316K [0xa5de0000, 0xa8d20000, 0xb4530000)
  eden space 28992K, 56% used [0xa5de0000,0xa6e03218,0xa7a30000)
  from space 1792K, 100% used [0xa8b60000,0xa8d20000,0xa8d20000)
  to   space 1792K, 0% used [0xa89a0000,0xa89a0000,0xa8b60000)
 ParOldGen       total 77760K, used 36811K [0x88f30000, 0x8db20000, 0xa5de0000)
  object space 77760K, 47% used [0x88f30000,0x8b322d28,0x8db20000)
 PSPermGen       total 16384K, used 8168K [0x80f30000, 0x81f30000, 0x88f30000)
  object space 16384K, 49% used [0x80f30000,0x8172a310,0x81f30000)
GC Heap History (10 events):
Event: 0.591 GC heap before
{Heap before GC invocations=1 (full 0):
 PSYoungGen      total 12992K, used 11200K [0xa5de0000, 0xa6c50000, 0xb4530000)
  eden space 11200K, 100% used [0xa5de0000,0xa68d0000,0xa68d0000)
  from space 1792K, 0% used [0xa6a90000,0xa6a90000,0xa6c50000)
  to   space 1792K, 0% used [0xa68d0000,0xa68d0000,0xa6a90000)
 ParOldGen       total 29632K, used 0K [0x88f30000, 0x8ac20000, 0xa5de0000)
  object space 29632K, 0% used [0x88f30000,0x88f30000,0x8ac20000)
 PSPermGen       total 16384K, used 7481K [0x80f30000, 0x81f30000, 0x88f30000)
  object space 16384K, 45% used [0x80f30000,0x8167e548,0x81f30000)
Event: 0.600 GC heap after
Heap after GC invocations=1 (full 0):
 PSYoungGen      total 12992K, used 1785K [0xa5de0000, 0xa7740000, 0xb4530000)
  eden space 11200K, 0% used [0xa5de0000,0xa5de0000,0xa68d0000)
  from space 1792K, 99% used [0xa68d0000,0xa6a8e7a8,0xa6a90000)
  to   space 1792K, 0% used [0xa7580000,0xa7580000,0xa7740000)
 ParOldGen       total 29632K, used 2420K [0x88f30000, 0x8ac20000, 0xa5de0000)
  object space 29632K, 8% used [0x88f30000,0x8918d1e8,0x8ac20000)
 PSPermGen       total 16384K, used 7481K [0x80f30000, 0x81f30000, 0x88f30000)
  object space 16384K, 45% used [0x80f30000,0x8167e548,0x81f30000)
}
Event: 2.499 GC heap before
{Heap before GC invocations=2 (full 0):
 PSYoungGen      total 12992K, used 12985K [0xa5de0000, 0xa7740000, 0xb4530000)
  eden space 11200K, 100% used [0xa5de0000,0xa68d0000,0xa68d0000)
  from space 1792K, 99% used [0xa68d0000,0xa6a8e7a8,0xa6a90000)
  to   space 1792K, 0% used [0xa7580000,0xa7580000,0xa7740000)
 ParOldGen       total 29632K, used 2420K [0x88f30000, 0x8ac20000, 0xa5de0000)
  object space 29632K, 8% used [0x88f30000,0x8918d1e8,0x8ac20000)
 PSPermGen       total 16384K, used 7934K [0x80f30000, 0x81f30000, 0x88f30000)
  object space 16384K, 48% used [0x80f30000,0x816ef838,0x81f30000)
Event: 2.523 GC heap after
Heap after GC invocations=2 (full 0):
 PSYoungGen      total 24192K, used 1782K [0xa5de0000, 0xa7740000, 0xb4530000)
  eden space 22400K, 0% used [0xa5de0000,0xa5de0000,0xa73c0000)
  from space 1792K, 99% used [0xa7580000,0xa773d930,0xa7740000)
  to   space 1792K, 0% used [0xa73c0000,0xa73c0000,0xa7580000)
 ParOldGen       total 29632K, used 11661K [0x88f30000, 0x8ac20000, 0xa5de0000)
  object space 29632K, 39% used [0x88f30000,0x89a93710,0x8ac20000)
 PSPermGen       total 16384K, used 7934K [0x80f30000, 0x81f30000, 0x88f30000)
  object space 16384K, 48% used [0x80f30000,0x816ef838,0x81f30000)
}
Event: 3.037 GC heap before
{Heap before GC invocations=3 (full 0):
 PSYoungGen      total 24192K, used 24182K [0xa5de0000, 0xa7740000, 0xb4530000)
  eden space 22400K, 100% used [0xa5de0000,0xa73c0000,0xa73c0000)
  from space 1792K, 99% used [0xa7580000,0xa773d930,0xa7740000)
  to   space 1792K, 0% used [0xa73c0000,0xa73c0000,0xa7580000)
 ParOldGen       total 29632K, used 11661K [0x88f30000, 0x8ac20000, 0xa5de0000)
  object space 29632K, 39% used [0x88f30000,0x89a93710,0x8ac20000)
 PSPermGen       total 16384K, used 7950K [0x80f30000, 0x81f30000, 0x88f30000)
  object space 16384K, 48% used [0x80f30000,0x816f3bf8,0x81f30000)
Event: 3.113 GC heap after
Heap after GC invocations=3 (full 0):
 PSYoungGen      total 24192K, used 1782K [0xa5de0000, 0xa8d20000, 0xb4530000)
  eden space 22400K, 0% used [0xa5de0000,0xa5de0000,0xa73c0000)
  from space 1792K, 99% used [0xa73c0000,0xa757d930,0xa7580000)
  to   space 1792K, 0% used [0xa8b60000,0xa8b60000,0xa8d20000)
 ParOldGen       total 33984K, used 33921K [0x88f30000, 0x8b060000, 0xa5de0000)
  object space 33984K, 99% used [0x88f30000,0x8b050720,0x8b060000)
 PSPermGen       total 16384K, used 7950K [0x80f30000, 0x81f30000, 0x88f30000)
  object space 16384K, 48% used [0x80f30000,0x816f3bf8,0x81f30000)
}
Event: 3.113 GC heap before
{Heap before GC invocations=4 (full 1):
 PSYoungGen      total 24192K, used 1782K [0xa5de0000, 0xa8d20000, 0xb4530000)
  eden space 22400K, 0% used [0xa5de0000,0xa5de0000,0xa73c0000)
  from space 1792K, 99% used [0xa73c0000,0xa757d930,0xa7580000)
  to   space 1792K, 0% used [0xa8b60000,0xa8b60000,0xa8d20000)
 ParOldGen       total 33984K, used 33921K [0x88f30000, 0x8b060000, 0xa5de0000)
  object space 33984K, 99% used [0x88f30000,0x8b050720,0x8b060000)
 PSPermGen       total 16384K, used 7950K [0x80f30000, 0x81f30000, 0x88f30000)
  object space 16384K, 48% used [0x80f30000,0x816f3bf8,0x81f30000)
Event: 3.436 GC heap after
Heap after GC invocations=4 (full 1):
 PSYoungGen      total 24192K, used 1127K [0xa5de0000, 0xa8d20000, 0xb4530000)
  eden space 22400K, 0% used [0xa5de0000,0xa5de0000,0xa73c0000)
  from space 1792K, 62% used [0xa73c0000,0xa74d9f40,0xa7580000)
  to   space 1792K, 0% used [0xa8b60000,0xa8b60000,0xa8d20000)
 ParOldGen       total 77760K, used 33719K [0x88f30000, 0x8db20000, 0xa5de0000)
  object space 77760K, 43% used [0x88f30000,0x8b01df20,0x8db20000)
 PSPermGen       total 16384K, used 7947K [0x80f30000, 0x81f30000, 0x88f30000)
  object space 16384K, 48% used [0x80f30000,0x816f2f60,0x81f30000)
}
Event: 51.015 GC heap before
{Heap before GC invocations=5 (full 1):
 PSYoungGen      total 24192K, used 23527K [0xa5de0000, 0xa8d20000, 0xb4530000)
  eden space 22400K, 100% used [0xa5de0000,0xa73c0000,0xa73c0000)
  from space 1792K, 62% used [0xa73c0000,0xa74d9f40,0xa7580000)
  to   space 1792K, 0% used [0xa8b60000,0xa8b60000,0xa8d20000)
 ParOldGen       total 77760K, used 33719K [0x88f30000, 0x8db20000, 0xa5de0000)
  object space 77760K, 43% used [0x88f30000,0x8b01df20,0x8db20000)
 PSPermGen       total 16384K, used 8154K [0x80f30000, 0x81f30000, 0x88f30000)
  object space 16384K, 49% used [0x80f30000,0x81726888,0x81f30000)
Event: 51.036 GC heap after
Heap after GC invocations=5 (full 1):
 PSYoungGen      total 30784K, used 1792K [0xa5de0000, 0xa8d20000, 0xb4530000)
  eden space 28992K, 0% used [0xa5de0000,0xa5de0000,0xa7a30000)
  from space 1792K, 100% used [0xa8b60000,0xa8d20000,0xa8d20000)
  to   space 1792K, 0% used [0xa89a0000,0xa89a0000,0xa8b60000)
 ParOldGen       total 77760K, used 36811K [0x88f30000, 0x8db20000, 0xa5de0000)
  object space 77760K, 47% used [0x88f30000,0x8b322d28,0x8db20000)
 PSPermGen       total 16384K, used 8154K [0x80f30000, 0x81f30000, 0x88f30000)
  object space 16384K, 49% used [0x80f30000,0x81726888,0x81f30000)
}

