# JRE version: 7.0_09-b30
# Java VM: OpenJDK Server VM (23.2-b09 mixed mode linux-x86 )
Heap
 PSYoungGen      total 39552K, used 7197K [0xa5de0000, 0xab4e0000, 0xb4530000)
  eden space 37760K, 15% used [0xa5de0000,0xa63c2320,0xa82c0000)
  from space 1792K, 65% used [0xa8910000,0xa8a35220,0xa8ad0000)
  to   space 25664K, 0% used [0xa9bd0000,0xa9bd0000,0xab4e0000)
 ParOldGen       total 75328K, used 36008K [0x88f30000, 0x8d8c0000, 0xa5de0000)
  object space 75328K, 47% used [0x88f30000,0x8b25a248,0x8d8c0000)
 PSPermGen       total 16384K, used 8127K [0x80f30000, 0x81f30000, 0x88f30000)
  object space 16384K, 49% used [0x80f30000,0x8171fd40,0x81f30000)
GC Heap History (10 events):
Event: 2.487 GC heap before
{Heap before GC invocations=2 (full 0):
 PSYoungGen      total 12992K, used 12984K [0xa5de0000, 0xa7740000, 0xb4530000)
  eden space 11200K, 100% used [0xa5de0000,0xa68d0000,0xa68d0000)
  from space 1792K, 99% used [0xa68d0000,0xa6a8e050,0xa6a90000)
  to   space 1792K, 0% used [0xa7580000,0xa7580000,0xa7740000)
 ParOldGen       total 29632K, used 2378K [0x88f30000, 0x8ac20000, 0xa5de0000)
  object space 29632K, 8% used [0x88f30000,0x891828b0,0x8ac20000)
 PSPermGen       total 16384K, used 7933K [0x80f30000, 0x81f30000, 0x88f30000)
  object space 16384K, 48% used [0x80f30000,0x816ef570,0x81f30000)
Event: 2.506 GC heap after
Heap after GC invocations=2 (full 0):
 PSYoungGen      total 24192K, used 1790K [0xa5de0000, 0xa7740000, 0xb4530000)
  eden space 22400K, 0% used [0xa5de0000,0xa5de0000,0xa73c0000)
  from space 1792K, 99% used [0xa7580000,0xa773f950,0xa7740000)
  to   space 1792K, 0% used [0xa73c0000,0xa73c0000,0xa7580000)
 ParOldGen       total 29632K, used 11252K [0x88f30000, 0x8ac20000, 0xa5de0000)
  object space 29632K, 37% used [0x88f30000,0x89a2d300,0x8ac20000)
 PSPermGen       total 16384K, used 7933K [0x80f30000, 0x81f30000, 0x88f30000)
  object space 16384K, 48% used [0x80f30000,0x816ef570,0x81f30000)
}
Event: 2.981 GC heap before
{Heap before GC invocations=3 (full 0):
 PSYoungGen      total 24192K, used 23589K [0xa5de0000, 0xa7740000, 0xb4530000)
  eden space 22400K, 97% used [0xa5de0000,0xa7329b58,0xa73c0000)
  from space 1792K, 99% used [0xa7580000,0xa773f950,0xa7740000)
  to   space 1792K, 0% used [0xa73c0000,0xa73c0000,0xa7580000)
 ParOldGen       total 29632K, used 11252K [0x88f30000, 0x8ac20000, 0xa5de0000)
  object space 29632K, 37% used [0x88f30000,0x89a2d300,0x8ac20000)
 PSPermGen       total 16384K, used 7933K [0x80f30000, 0x81f30000, 0x88f30000)
  object space 16384K, 48% used [0x80f30000,0x816ef570,0x81f30000)
Event: 3.055 GC heap after
Heap after GC invocations=3 (full 0):
 PSYoungGen      total 24192K, used 1791K [0xa5de0000, 0xa8d20000, 0xb4530000)
  eden space 22400K, 0% used [0xa5de0000,0xa5de0000,0xa73c0000)
  from space 1792K, 99% used [0xa73c0000,0xa757fd58,0xa7580000)
  to   space 1792K, 0% used [0xa8b60000,0xa8b60000,0xa8d20000)
 ParOldGen       total 32832K, used 32708K [0x88f30000, 0x8af40000, 0xa5de0000)
  object space 32832K, 99% used [0x88f30000,0x8af21300,0x8af40000)
 PSPermGen       total 16384K, used 7933K [0x80f30000, 0x81f30000, 0x88f30000)
  object space 16384K, 48% used [0x80f30000,0x816ef570,0x81f30000)
}
Event: 3.055 GC heap before
{Heap before GC invocations=4 (full 1):
 PSYoungGen      total 24192K, used 1791K [0xa5de0000, 0xa8d20000, 0xb4530000)
  eden space 22400K, 0% used [0xa5de0000,0xa5de0000,0xa73c0000)
  from space 1792K, 99% used [0xa73c0000,0xa757fd58,0xa7580000)
  to   space 1792K, 0% used [0xa8b60000,0xa8b60000,0xa8d20000)
 ParOldGen       total 32832K, used 32708K [0x88f30000, 0x8af40000, 0xa5de0000)
  object space 32832K, 99% used [0x88f30000,0x8af21300,0x8af40000)
 PSPermGen       total 16384K, used 7933K [0x80f30000, 0x81f30000, 0x88f30000)
  object space 16384K, 48% used [0x80f30000,0x816ef570,0x81f30000)
Event: 3.327 GC heap after
Heap after GC invocations=4 (full 1):
 PSYoungGen      total 24192K, used 1046K [0xa5de0000, 0xa8d20000, 0xb4530000)
  eden space 22400K, 0% used [0xa5de0000,0xa5de0000,0xa73c0000)
  from space 1792K, 58% used [0xa73c0000,0xa74c5a60,0xa7580000)
  to   space 1792K, 0% used [0xa8b60000,0xa8b60000,0xa8d20000)
 ParOldGen       total 75328K, used 32608K [0x88f30000, 0x8d8c0000, 0xa5de0000)
  object space 75328K, 43% used [0x88f30000,0x8af08218,0x8d8c0000)
 PSPermGen       total 16384K, used 7930K [0x80f30000, 0x81f30000, 0x88f30000)
  object space 16384K, 48% used [0x80f30000,0x816ee8d8,0x81f30000)
}
Event: 10.740 GC heap before
{Heap before GC invocations=5 (full 1):
 PSYoungGen      total 24192K, used 23446K [0xa5de0000, 0xa8d20000, 0xb4530000)
  eden space 22400K, 100% used [0xa5de0000,0xa73c0000,0xa73c0000)
  from space 1792K, 58% used [0xa73c0000,0xa74c5a60,0xa7580000)
  to   space 1792K, 0% used [0xa8b60000,0xa8b60000,0xa8d20000)
 ParOldGen       total 75328K, used 32608K [0x88f30000, 0x8d8c0000, 0xa5de0000)
  object space 75328K, 43% used [0x88f30000,0x8af08218,0x8d8c0000)
 PSPermGen       total 16384K, used 8107K [0x80f30000, 0x81f30000, 0x88f30000)
  object space 16384K, 49% used [0x80f30000,0x8171adb0,0x81f30000)
Event: 10.755 GC heap after
Heap after GC invocations=5 (full 1):
 PSYoungGen      total 30976K, used 1172K [0xa5de0000, 0xa8c90000, 0xb4530000)
  eden space 29760K, 0% used [0xa5de0000,0xa5de0000,0xa7af0000)
  from space 1216K, 96% used [0xa8b60000,0xa8c85220,0xa8c90000)
  to   space 1792K, 0% used [0xa8910000,0xa8910000,0xa8ad0000)
 ParOldGen       total 75328K, used 35008K [0x88f30000, 0x8d8c0000, 0xa5de0000)
  object space 75328K, 46% used [0x88f30000,0x8b160238,0x8d8c0000)
 PSPermGen       total 16384K, used 8107K [0x80f30000, 0x81f30000, 0x88f30000)
  object space 16384K, 49% used [0x80f30000,0x8171adb0,0x81f30000)
}
Event: 16.719 GC heap before
{Heap before GC invocations=6 (full 1):
 PSYoungGen      total 30976K, used 30932K [0xa5de0000, 0xa8c90000, 0xb4530000)
  eden space 29760K, 100% used [0xa5de0000,0xa7af0000,0xa7af0000)
  from space 1216K, 96% used [0xa8b60000,0xa8c85220,0xa8c90000)
  to   space 1792K, 0% used [0xa8910000,0xa8910000,0xa8ad0000)
 ParOldGen       total 75328K, used 35008K [0x88f30000, 0x8d8c0000, 0xa5de0000)
  object space 75328K, 46% used [0x88f30000,0x8b160238,0x8d8c0000)
 PSPermGen       total 16384K, used 8115K [0x80f30000, 0x81f30000, 0x88f30000)
  object space 16384K, 49% used [0x80f30000,0x8171cf68,0x81f30000)
Event: 16.722 GC heap after
Heap after GC invocations=6 (full 1):
 PSYoungGen      total 39552K, used 1172K [0xa5de0000, 0xab4e0000, 0xb4530000)
  eden space 37760K, 0% used [0xa5de0000,0xa5de0000,0xa82c0000)
  from space 1792K, 65% used [0xa8910000,0xa8a35220,0xa8ad0000)
  to   space 25664K, 0% used [0xa9bd0000,0xa9bd0000,0xab4e0000)
 ParOldGen       total 75328K, used 36008K [0x88f30000, 0x8d8c0000, 0xa5de0000)
  object space 75328K, 47% used [0x88f30000,0x8b25a248,0x8d8c0000)
 PSPermGen       total 16384K, used 8115K [0x80f30000, 0x81f30000, 0x88f30000)
  object space 16384K, 49% used [0x80f30000,0x8171cf68,0x81f30000)
}

